Started GET "/" for ::1 at 2016-06-04 22:53:55 +0800
  
ActiveRecord::PendingMigrationError (

Migrations are pending. To resolve this issue, run:

	bin/rails db:migrate RAILS_ENV=development

):
  
activerecord (5.0.0.rc1) lib/active_record/migration.rb:572:in `check_pending!'
activerecord (5.0.0.rc1) lib/active_record/migration.rb:548:in `call'
actionpack (5.0.0.rc1) lib/action_dispatch/middleware/callbacks.rb:38:in `block in call'
activesupport (5.0.0.rc1) lib/active_support/callbacks.rb:97:in `__run_callbacks__'
activesupport (5.0.0.rc1) lib/active_support/callbacks.rb:750:in `_run_call_callbacks'
activesupport (5.0.0.rc1) lib/active_support/callbacks.rb:90:in `run_callbacks'
actionpack (5.0.0.rc1) lib/action_dispatch/middleware/callbacks.rb:36:in `call'
actionpack (5.0.0.rc1) lib/action_dispatch/middleware/executor.rb:12:in `call'
actionpack (5.0.0.rc1) lib/action_dispatch/middleware/remote_ip.rb:79:in `call'
actionpack (5.0.0.rc1) lib/action_dispatch/middleware/debug_exceptions.rb:49:in `call'
web-console (3.1.1) lib/web_console/middleware.rb:131:in `call_app'
web-console (3.1.1) lib/web_console/middleware.rb:28:in `block in call'
web-console (3.1.1) lib/web_console/middleware.rb:18:in `catch'
web-console (3.1.1) lib/web_console/middleware.rb:18:in `call'
actionpack (5.0.0.rc1) lib/action_dispatch/middleware/show_exceptions.rb:31:in `call'
railties (5.0.0.rc1) lib/rails/rack/logger.rb:36:in `call_app'
railties (5.0.0.rc1) lib/rails/rack/logger.rb:24:in `block in call'
activesupport (5.0.0.rc1) lib/active_support/tagged_logging.rb:70:in `block in tagged'
activesupport (5.0.0.rc1) lib/active_support/tagged_logging.rb:26:in `tagged'
activesupport (5.0.0.rc1) lib/active_support/tagged_logging.rb:70:in `tagged'
railties (5.0.0.rc1) lib/rails/rack/logger.rb:24:in `call'
actionpack (5.0.0.rc1) lib/action_dispatch/middleware/request_id.rb:24:in `call'
rack (2.0.0.rc1) lib/rack/method_override.rb:22:in `call'
rack (2.0.0.rc1) lib/rack/runtime.rb:22:in `call'
activesupport (5.0.0.rc1) lib/active_support/cache/strategy/local_cache_middleware.rb:28:in `call'
actionpack (5.0.0.rc1) lib/action_dispatch/middleware/executor.rb:12:in `call'
actionpack (5.0.0.rc1) lib/action_dispatch/middleware/static.rb:136:in `call'
rack (2.0.0.rc1) lib/rack/sendfile.rb:111:in `call'
railties (5.0.0.rc1) lib/rails/engine.rb:522:in `call'
puma (3.4.0) lib/puma/configuration.rb:224:in `call'
puma (3.4.0) lib/puma/server.rb:569:in `handle_request'
puma (3.4.0) lib/puma/server.rb:406:in `process_client'
puma (3.4.0) lib/puma/server.rb:271:in `block in run'
puma (3.4.0) lib/puma/thread_pool.rb:114:in `block in spawn_thread'
  Rendering /Users/yuanchenhao/.rvm/gems/ruby-2.3.1/gems/actionpack-5.0.0.rc1/lib/action_dispatch/middleware/templates/rescues/diagnostics.html.erb within rescues/layout
  Rendering /Users/yuanchenhao/.rvm/gems/ruby-2.3.1/gems/actionpack-5.0.0.rc1/lib/action_dispatch/middleware/templates/rescues/_source.html.erb
  Rendered /Users/yuanchenhao/.rvm/gems/ruby-2.3.1/gems/actionpack-5.0.0.rc1/lib/action_dispatch/middleware/templates/rescues/_source.html.erb (2.0ms)
  Rendering /Users/yuanchenhao/.rvm/gems/ruby-2.3.1/gems/actionpack-5.0.0.rc1/lib/action_dispatch/middleware/templates/rescues/_trace.html.erb
  Rendered /Users/yuanchenhao/.rvm/gems/ruby-2.3.1/gems/actionpack-5.0.0.rc1/lib/action_dispatch/middleware/templates/rescues/_trace.html.erb (1.4ms)
  Rendering /Users/yuanchenhao/.rvm/gems/ruby-2.3.1/gems/actionpack-5.0.0.rc1/lib/action_dispatch/middleware/templates/rescues/_request_and_response.html.erb
  Rendered /Users/yuanchenhao/.rvm/gems/ruby-2.3.1/gems/actionpack-5.0.0.rc1/lib/action_dispatch/middleware/templates/rescues/_request_and_response.html.erb (0.8ms)
  Rendered /Users/yuanchenhao/.rvm/gems/ruby-2.3.1/gems/actionpack-5.0.0.rc1/lib/action_dispatch/middleware/templates/rescues/diagnostics.html.erb within rescues/layout (78.2ms)
  Rendering /Users/yuanchenhao/.rvm/gems/ruby-2.3.1/gems/web-console-3.1.1/lib/web_console/templates/index.html.erb
  Rendered /Users/yuanchenhao/.rvm/gems/ruby-2.3.1/gems/web-console-3.1.1/lib/web_console/templates/_markup.html.erb (0.5ms)
  Rendering /Users/yuanchenhao/.rvm/gems/ruby-2.3.1/gems/web-console-3.1.1/lib/web_console/templates/console.js.erb within layouts/javascript
  Rendering /Users/yuanchenhao/.rvm/gems/ruby-2.3.1/gems/web-console-3.1.1/lib/web_console/templates/_inner_console_markup.html.erb within layouts/inlined_string
  Rendered /Users/yuanchenhao/.rvm/gems/ruby-2.3.1/gems/web-console-3.1.1/lib/web_console/templates/_inner_console_markup.html.erb within layouts/inlined_string (0.5ms)
  Rendering /Users/yuanchenhao/.rvm/gems/ruby-2.3.1/gems/web-console-3.1.1/lib/web_console/templates/_prompt_box_markup.html.erb within layouts/inlined_string
  Rendered /Users/yuanchenhao/.rvm/gems/ruby-2.3.1/gems/web-console-3.1.1/lib/web_console/templates/_prompt_box_markup.html.erb within layouts/inlined_string (0.3ms)
  Rendering /Users/yuanchenhao/.rvm/gems/ruby-2.3.1/gems/web-console-3.1.1/lib/web_console/templates/style.css.erb within layouts/inlined_string
  Rendered /Users/yuanchenhao/.rvm/gems/ruby-2.3.1/gems/web-console-3.1.1/lib/web_console/templates/style.css.erb within layouts/inlined_string (0.4ms)
  Rendered /Users/yuanchenhao/.rvm/gems/ruby-2.3.1/gems/web-console-3.1.1/lib/web_console/templates/console.js.erb within layouts/javascript (74.1ms)
  Rendering /Users/yuanchenhao/.rvm/gems/ruby-2.3.1/gems/web-console-3.1.1/lib/web_console/templates/main.js.erb within layouts/javascript
  Rendered /Users/yuanchenhao/.rvm/gems/ruby-2.3.1/gems/web-console-3.1.1/lib/web_console/templates/main.js.erb within layouts/javascript (0.4ms)
  Rendered /Users/yuanchenhao/.rvm/gems/ruby-2.3.1/gems/web-console-3.1.1/lib/web_console/templates/index.html.erb (134.9ms)
  [1m[35m (1.0ms)[0m  [1m[35mCREATE TABLE "schema_migrations" ("version" varchar NOT NULL PRIMARY KEY)[0m
  [1m[35m (1.0ms)[0m  [1m[35mCREATE TABLE "ar_internal_metadata" ("key" varchar NOT NULL PRIMARY KEY, "value" varchar, "created_at" datetime NOT NULL, "updated_at" datetime NOT NULL)[0m
  [1m[36mActiveRecord::SchemaMigration Load (0.2ms)[0m  [1m[34mSELECT "schema_migrations".* FROM "schema_migrations"[0m
Migrating to CreateSites (20160519190346)
  [1m[35m (0.1ms)[0m  [1m[36mbegin transaction[0m
  [1m[35m (0.5ms)[0m  [1m[35mCREATE TABLE "sites" ("id" INTEGER PRIMARY KEY AUTOINCREMENT NOT NULL, "title" varchar, "url" varchar, "category_id" integer, "created_at" datetime NOT NULL, "updated_at" datetime NOT NULL)[0m
  [1m[35m (0.1ms)[0m  [1m[34mselect sqlite_version(*)[0m
  [1m[35m (0.2ms)[0m  [1m[35mCREATE  INDEX "index_sites_on_category_id" ON "sites" ("category_id")[0m
  [1m[35mSQL (0.1ms)[0m  [1m[32mINSERT INTO "schema_migrations" ("version") VALUES (?)[0m  [["version", "20160519190346"]]
  [1m[35m (0.7ms)[0m  [1m[36mcommit transaction[0m
Migrating to CreateCategories (20160519190352)
  [1m[35m (0.0ms)[0m  [1m[36mbegin transaction[0m
  [1m[35m (0.3ms)[0m  [1m[35mCREATE TABLE "categories" ("id" INTEGER PRIMARY KEY AUTOINCREMENT NOT NULL, "title" varchar, "board_id" integer, "created_at" datetime NOT NULL, "updated_at" datetime NOT NULL)[0m
  [1m[35m (0.1ms)[0m  [1m[35mCREATE  INDEX "index_categories_on_board_id" ON "categories" ("board_id")[0m
  [1m[35mSQL (0.1ms)[0m  [1m[32mINSERT INTO "schema_migrations" ("version") VALUES (?)[0m  [["version", "20160519190352"]]
  [1m[35m (0.8ms)[0m  [1m[36mcommit transaction[0m
Migrating to CreateBoards (20160519190357)
  [1m[35m (0.1ms)[0m  [1m[36mbegin transaction[0m
  [1m[35m (0.3ms)[0m  [1m[35mCREATE TABLE "boards" ("id" INTEGER PRIMARY KEY AUTOINCREMENT NOT NULL, "title" varchar, "created_at" datetime NOT NULL, "updated_at" datetime NOT NULL)[0m
  [1m[35mSQL (0.1ms)[0m  [1m[32mINSERT INTO "schema_migrations" ("version") VALUES (?)[0m  [["version", "20160519190357"]]
  [1m[35m (0.8ms)[0m  [1m[36mcommit transaction[0m
  [1m[36mActiveRecord::InternalMetadata Load (0.2ms)[0m  [1m[34mSELECT  "ar_internal_metadata".* FROM "ar_internal_metadata" ORDER BY "ar_internal_metadata"."key" ASC LIMIT ?[0m  [["LIMIT", 1]]
  [1m[35m (0.0ms)[0m  [1m[36mbegin transaction[0m
  [1m[35mSQL (0.3ms)[0m  [1m[32mINSERT INTO "ar_internal_metadata" ("key", "value", "created_at", "updated_at") VALUES (?, ?, ?, ?)[0m  [["key", "environment"], ["value", "development"], ["created_at", 2016-06-04 14:54:12 UTC], ["updated_at", 2016-06-04 14:54:12 UTC]]
  [1m[35m (1.3ms)[0m  [1m[36mcommit transaction[0m
  [1m[36mActiveRecord::SchemaMigration Load (0.1ms)[0m  [1m[34mSELECT "schema_migrations".* FROM "schema_migrations"[0m
  [1m[35m (0.2ms)[0m  [1m[34m            SELECT sql
            FROM sqlite_master
            WHERE name='index_categories_on_board_id' AND type='index'
            UNION ALL
            SELECT sql
            FROM sqlite_temp_master
            WHERE name='index_categories_on_board_id' AND type='index'
[0m
  [1m[35m (0.1ms)[0m  [1m[34m            SELECT sql
            FROM sqlite_master
            WHERE name='index_sites_on_category_id' AND type='index'
            UNION ALL
            SELECT sql
            FROM sqlite_temp_master
            WHERE name='index_sites_on_category_id' AND type='index'
[0m
Started GET "/" for ::1 at 2016-06-04 22:54:28 +0800
  [1m[36mActiveRecord::SchemaMigration Load (0.2ms)[0m  [1m[34mSELECT "schema_migrations".* FROM "schema_migrations"[0m
Processing by BoardingController#index as HTML
Redirected to http://localhost:3000/boarding/1
Completed 302 Found in 22ms (ActiveRecord: 0.0ms)


Started GET "/boarding/1" for ::1 at 2016-06-04 22:54:29 +0800
Processing by BoardingController#show as HTML
  Parameters: {"id"=>"1"}
  [1m[36mBoard Load (0.2ms)[0m  [1m[34mSELECT  "boards".* FROM "boards" WHERE "boards"."id" = ? LIMIT ?[0m  [["id", 1], ["LIMIT", 1]]
Completed 404 Not Found in 14ms (ActiveRecord: 0.9ms)


  
ActiveRecord::RecordNotFound (Couldn't find Board with 'id'=1):
  
app/controllers/boarding_controller.rb:32:in `show'
  Rendering /Users/yuanchenhao/.rvm/gems/ruby-2.3.1/gems/actionpack-5.0.0.rc1/lib/action_dispatch/middleware/templates/rescues/diagnostics.html.erb within rescues/layout
  Rendering /Users/yuanchenhao/.rvm/gems/ruby-2.3.1/gems/actionpack-5.0.0.rc1/lib/action_dispatch/middleware/templates/rescues/_source.html.erb
  Rendered /Users/yuanchenhao/.rvm/gems/ruby-2.3.1/gems/actionpack-5.0.0.rc1/lib/action_dispatch/middleware/templates/rescues/_source.html.erb (4.2ms)
  Rendering /Users/yuanchenhao/.rvm/gems/ruby-2.3.1/gems/actionpack-5.0.0.rc1/lib/action_dispatch/middleware/templates/rescues/_trace.html.erb
  Rendered /Users/yuanchenhao/.rvm/gems/ruby-2.3.1/gems/actionpack-5.0.0.rc1/lib/action_dispatch/middleware/templates/rescues/_trace.html.erb (2.0ms)
  Rendering /Users/yuanchenhao/.rvm/gems/ruby-2.3.1/gems/actionpack-5.0.0.rc1/lib/action_dispatch/middleware/templates/rescues/_request_and_response.html.erb
  Rendered /Users/yuanchenhao/.rvm/gems/ruby-2.3.1/gems/actionpack-5.0.0.rc1/lib/action_dispatch/middleware/templates/rescues/_request_and_response.html.erb (1.0ms)
  Rendered /Users/yuanchenhao/.rvm/gems/ruby-2.3.1/gems/actionpack-5.0.0.rc1/lib/action_dispatch/middleware/templates/rescues/diagnostics.html.erb within rescues/layout (70.9ms)
  Rendering /Users/yuanchenhao/.rvm/gems/ruby-2.3.1/gems/web-console-3.1.1/lib/web_console/templates/index.html.erb
  Rendered /Users/yuanchenhao/.rvm/gems/ruby-2.3.1/gems/web-console-3.1.1/lib/web_console/templates/_markup.html.erb (0.5ms)
  Rendering /Users/yuanchenhao/.rvm/gems/ruby-2.3.1/gems/web-console-3.1.1/lib/web_console/templates/console.js.erb within layouts/javascript
  Rendering /Users/yuanchenhao/.rvm/gems/ruby-2.3.1/gems/web-console-3.1.1/lib/web_console/templates/_inner_console_markup.html.erb within layouts/inlined_string
  Rendered /Users/yuanchenhao/.rvm/gems/ruby-2.3.1/gems/web-console-3.1.1/lib/web_console/templates/_inner_console_markup.html.erb within layouts/inlined_string (0.5ms)
  Rendering /Users/yuanchenhao/.rvm/gems/ruby-2.3.1/gems/web-console-3.1.1/lib/web_console/templates/_prompt_box_markup.html.erb within layouts/inlined_string
  Rendered /Users/yuanchenhao/.rvm/gems/ruby-2.3.1/gems/web-console-3.1.1/lib/web_console/templates/_prompt_box_markup.html.erb within layouts/inlined_string (0.3ms)
  Rendering /Users/yuanchenhao/.rvm/gems/ruby-2.3.1/gems/web-console-3.1.1/lib/web_console/templates/style.css.erb within layouts/inlined_string
  Rendered /Users/yuanchenhao/.rvm/gems/ruby-2.3.1/gems/web-console-3.1.1/lib/web_console/templates/style.css.erb within layouts/inlined_string (0.3ms)
  Rendered /Users/yuanchenhao/.rvm/gems/ruby-2.3.1/gems/web-console-3.1.1/lib/web_console/templates/console.js.erb within layouts/javascript (67.7ms)
  Rendering /Users/yuanchenhao/.rvm/gems/ruby-2.3.1/gems/web-console-3.1.1/lib/web_console/templates/main.js.erb within layouts/javascript
  Rendered /Users/yuanchenhao/.rvm/gems/ruby-2.3.1/gems/web-console-3.1.1/lib/web_console/templates/main.js.erb within layouts/javascript (0.3ms)
  Rendered /Users/yuanchenhao/.rvm/gems/ruby-2.3.1/gems/web-console-3.1.1/lib/web_console/templates/index.html.erb (128.0ms)
Started GET "/boarding/new" for ::1 at 2016-06-04 22:54:59 +0800
Processing by BoardingController#new as HTML
Filter chain halted as #<Proc:0x007fb3cbc71600@/Users/yuanchenhao/.rvm/gems/ruby-2.3.1/gems/actionpack-5.0.0.rc1/lib/action_controller/metal/http_authentication.rb:70> rendered or redirected
Completed 401 Unauthorized in 0ms (ActiveRecord: 0.0ms)


Started GET "/boarding/new" for ::1 at 2016-06-04 22:55:01 +0800
Processing by BoardingController#new as HTML
  [1m[35m (0.1ms)[0m  [1m[36mbegin transaction[0m
  [1m[35mSQL (0.5ms)[0m  [1m[32mINSERT INTO "boards" ("created_at", "updated_at") VALUES (?, ?)[0m  [["created_at", 2016-06-04 14:55:01 UTC], ["updated_at", 2016-06-04 14:55:01 UTC]]
  [1m[35mSQL (0.2ms)[0m  [1m[32mINSERT INTO "categories" ("board_id", "created_at", "updated_at") VALUES (?, ?, ?)[0m  [["board_id", 1], ["created_at", 2016-06-04 14:55:01 UTC], ["updated_at", 2016-06-04 14:55:01 UTC]]
  [1m[35m (0.8ms)[0m  [1m[36mcommit transaction[0m
Redirected to http://localhost:3000/boarding/1
Completed 302 Found in 40ms (ActiveRecord: 2.0ms)


Started GET "/boarding/1" for ::1 at 2016-06-04 22:55:02 +0800
Processing by BoardingController#show as HTML
  Parameters: {"id"=>"1"}
  [1m[36mBoard Load (0.1ms)[0m  [1m[34mSELECT  "boards".* FROM "boards" WHERE "boards"."id" = ? LIMIT ?[0m  [["id", 1], ["LIMIT", 1]]
  [1m[35m (0.1ms)[0m  [1m[34mSELECT COUNT(*) FROM "boards"[0m
  Rendering boarding/show.html.erb within layouts/application
  Rendered boarding/_searchbar.erb (1.4ms)
  [1m[36mCategory Load (0.2ms)[0m  [1m[34mSELECT "categories".* FROM "categories" WHERE "categories"."board_id" = ?[0m  [["board_id", 1]]
  [1m[36mSite Load (0.2ms)[0m  [1m[34mSELECT "sites".* FROM "sites" WHERE "sites"."category_id" = ?[0m  [["category_id", 1]]
  Rendered category/_categorycard.erb (39.7ms)
  Rendered boarding/_board.erb (43.5ms)
  Rendered boarding/_misc.erb (0.3ms)
  Rendered boarding/_background.erb (0.2ms)
  Rendered boarding/show.html.erb within layouts/application (52.0ms)
Completed 200 OK in 1485ms (Views: 1465.7ms | ActiveRecord: 0.9ms)


Started GET "/assets/jquery.particleground.min-545e7fb1fddc97f5bed54f30c6d9aa10b1f66daeb16810ac678d6ba4e9fea810.js" for ::1 at 2016-06-04 22:55:03 +0800
Started GET "/themes/default/assets/fonts/icons.woff2" for ::1 at 2016-06-04 22:55:04 +0800
  
ActionController::RoutingError (No route matches [GET] "/themes/default/assets/fonts/icons.woff2"):
  
actionpack (5.0.0.rc1) lib/action_dispatch/middleware/debug_exceptions.rb:53:in `call'
web-console (3.1.1) lib/web_console/middleware.rb:131:in `call_app'
web-console (3.1.1) lib/web_console/middleware.rb:28:in `block in call'
web-console (3.1.1) lib/web_console/middleware.rb:18:in `catch'
web-console (3.1.1) lib/web_console/middleware.rb:18:in `call'
actionpack (5.0.0.rc1) lib/action_dispatch/middleware/show_exceptions.rb:31:in `call'
railties (5.0.0.rc1) lib/rails/rack/logger.rb:36:in `call_app'
railties (5.0.0.rc1) lib/rails/rack/logger.rb:24:in `block in call'
activesupport (5.0.0.rc1) lib/active_support/tagged_logging.rb:70:in `block in tagged'
activesupport (5.0.0.rc1) lib/active_support/tagged_logging.rb:26:in `tagged'
activesupport (5.0.0.rc1) lib/active_support/tagged_logging.rb:70:in `tagged'
railties (5.0.0.rc1) lib/rails/rack/logger.rb:24:in `call'
actionpack (5.0.0.rc1) lib/action_dispatch/middleware/request_id.rb:24:in `call'
rack (2.0.0.rc1) lib/rack/method_override.rb:22:in `call'
rack (2.0.0.rc1) lib/rack/runtime.rb:22:in `call'
activesupport (5.0.0.rc1) lib/active_support/cache/strategy/local_cache_middleware.rb:28:in `call'
actionpack (5.0.0.rc1) lib/action_dispatch/middleware/executor.rb:12:in `call'
actionpack (5.0.0.rc1) lib/action_dispatch/middleware/static.rb:136:in `call'
rack (2.0.0.rc1) lib/rack/sendfile.rb:111:in `call'
railties (5.0.0.rc1) lib/rails/engine.rb:522:in `call'
puma (3.4.0) lib/puma/configuration.rb:224:in `call'
puma (3.4.0) lib/puma/server.rb:569:in `handle_request'
puma (3.4.0) lib/puma/server.rb:406:in `process_client'
puma (3.4.0) lib/puma/server.rb:271:in `block in run'
puma (3.4.0) lib/puma/thread_pool.rb:114:in `block in spawn_thread'
  Rendering /Users/yuanchenhao/.rvm/gems/ruby-2.3.1/gems/actionpack-5.0.0.rc1/lib/action_dispatch/middleware/templates/rescues/routing_error.html.erb within rescues/layout
  Rendering /Users/yuanchenhao/.rvm/gems/ruby-2.3.1/gems/actionpack-5.0.0.rc1/lib/action_dispatch/middleware/templates/rescues/_trace.html.erb
  Rendered /Users/yuanchenhao/.rvm/gems/ruby-2.3.1/gems/actionpack-5.0.0.rc1/lib/action_dispatch/middleware/templates/rescues/_trace.html.erb (7.4ms)
  Rendered collection of /Users/yuanchenhao/.rvm/gems/ruby-2.3.1/gems/actionpack-5.0.0.rc1/lib/action_dispatch/middleware/templates/routes/_route.html.erb [46 times] (26.0ms)
  Rendered /Users/yuanchenhao/.rvm/gems/ruby-2.3.1/gems/actionpack-5.0.0.rc1/lib/action_dispatch/middleware/templates/routes/_table.html.erb (4.4ms)
  Rendering /Users/yuanchenhao/.rvm/gems/ruby-2.3.1/gems/actionpack-5.0.0.rc1/lib/action_dispatch/middleware/templates/rescues/_request_and_response.html.erb
  Rendered /Users/yuanchenhao/.rvm/gems/ruby-2.3.1/gems/actionpack-5.0.0.rc1/lib/action_dispatch/middleware/templates/rescues/_request_and_response.html.erb (6.7ms)
  Rendered /Users/yuanchenhao/.rvm/gems/ruby-2.3.1/gems/actionpack-5.0.0.rc1/lib/action_dispatch/middleware/templates/rescues/routing_error.html.erb within rescues/layout (181.7ms)
  Rendering /Users/yuanchenhao/.rvm/gems/ruby-2.3.1/gems/web-console-3.1.1/lib/web_console/templates/index.html.erb
  Rendered /Users/yuanchenhao/.rvm/gems/ruby-2.3.1/gems/web-console-3.1.1/lib/web_console/templates/_markup.html.erb (0.6ms)
  Rendering /Users/yuanchenhao/.rvm/gems/ruby-2.3.1/gems/web-console-3.1.1/lib/web_console/templates/console.js.erb within layouts/javascript
  Rendering /Users/yuanchenhao/.rvm/gems/ruby-2.3.1/gems/web-console-3.1.1/lib/web_console/templates/_inner_console_markup.html.erb within layouts/inlined_string
  Rendered /Users/yuanchenhao/.rvm/gems/ruby-2.3.1/gems/web-console-3.1.1/lib/web_console/templates/_inner_console_markup.html.erb within layouts/inlined_string (0.3ms)
  Rendering /Users/yuanchenhao/.rvm/gems/ruby-2.3.1/gems/web-console-3.1.1/lib/web_console/templates/_prompt_box_markup.html.erb within layouts/inlined_string
  Rendered /Users/yuanchenhao/.rvm/gems/ruby-2.3.1/gems/web-console-3.1.1/lib/web_console/templates/_prompt_box_markup.html.erb within layouts/inlined_string (0.4ms)
  Rendering /Users/yuanchenhao/.rvm/gems/ruby-2.3.1/gems/web-console-3.1.1/lib/web_console/templates/style.css.erb within layouts/inlined_string
  Rendered /Users/yuanchenhao/.rvm/gems/ruby-2.3.1/gems/web-console-3.1.1/lib/web_console/templates/style.css.erb within layouts/inlined_string (0.3ms)
  Rendered /Users/yuanchenhao/.rvm/gems/ruby-2.3.1/gems/web-console-3.1.1/lib/web_console/templates/console.js.erb within layouts/javascript (64.6ms)
  Rendering /Users/yuanchenhao/.rvm/gems/ruby-2.3.1/gems/web-console-3.1.1/lib/web_console/templates/main.js.erb within layouts/javascript
  Rendered /Users/yuanchenhao/.rvm/gems/ruby-2.3.1/gems/web-console-3.1.1/lib/web_console/templates/main.js.erb within layouts/javascript (0.7ms)
  Rendered /Users/yuanchenhao/.rvm/gems/ruby-2.3.1/gems/web-console-3.1.1/lib/web_console/templates/index.html.erb (122.6ms)
Started GET "/themes/default/assets/fonts/icons.woff" for ::1 at 2016-06-04 22:55:04 +0800
  
ActionController::RoutingError (No route matches [GET] "/themes/default/assets/fonts/icons.woff"):
  
actionpack (5.0.0.rc1) lib/action_dispatch/middleware/debug_exceptions.rb:53:in `call'
web-console (3.1.1) lib/web_console/middleware.rb:131:in `call_app'
web-console (3.1.1) lib/web_console/middleware.rb:28:in `block in call'
web-console (3.1.1) lib/web_console/middleware.rb:18:in `catch'
web-console (3.1.1) lib/web_console/middleware.rb:18:in `call'
actionpack (5.0.0.rc1) lib/action_dispatch/middleware/show_exceptions.rb:31:in `call'
railties (5.0.0.rc1) lib/rails/rack/logger.rb:36:in `call_app'
railties (5.0.0.rc1) lib/rails/rack/logger.rb:24:in `block in call'
activesupport (5.0.0.rc1) lib/active_support/tagged_logging.rb:70:in `block in tagged'
activesupport (5.0.0.rc1) lib/active_support/tagged_logging.rb:26:in `tagged'
activesupport (5.0.0.rc1) lib/active_support/tagged_logging.rb:70:in `tagged'
railties (5.0.0.rc1) lib/rails/rack/logger.rb:24:in `call'
actionpack (5.0.0.rc1) lib/action_dispatch/middleware/request_id.rb:24:in `call'
rack (2.0.0.rc1) lib/rack/method_override.rb:22:in `call'
rack (2.0.0.rc1) lib/rack/runtime.rb:22:in `call'
activesupport (5.0.0.rc1) lib/active_support/cache/strategy/local_cache_middleware.rb:28:in `call'
actionpack (5.0.0.rc1) lib/action_dispatch/middleware/executor.rb:12:in `call'
actionpack (5.0.0.rc1) lib/action_dispatch/middleware/static.rb:136:in `call'
rack (2.0.0.rc1) lib/rack/sendfile.rb:111:in `call'
railties (5.0.0.rc1) lib/rails/engine.rb:522:in `call'
puma (3.4.0) lib/puma/configuration.rb:224:in `call'
puma (3.4.0) lib/puma/server.rb:569:in `handle_request'
puma (3.4.0) lib/puma/server.rb:406:in `process_client'
puma (3.4.0) lib/puma/server.rb:271:in `block in run'
puma (3.4.0) lib/puma/thread_pool.rb:114:in `block in spawn_thread'
  Rendering /Users/yuanchenhao/.rvm/gems/ruby-2.3.1/gems/actionpack-5.0.0.rc1/lib/action_dispatch/middleware/templates/rescues/routing_error.html.erb within rescues/layout
  Rendering /Users/yuanchenhao/.rvm/gems/ruby-2.3.1/gems/actionpack-5.0.0.rc1/lib/action_dispatch/middleware/templates/rescues/_trace.html.erb
  Rendered /Users/yuanchenhao/.rvm/gems/ruby-2.3.1/gems/actionpack-5.0.0.rc1/lib/action_dispatch/middleware/templates/rescues/_trace.html.erb (2.2ms)
  Rendered collection of /Users/yuanchenhao/.rvm/gems/ruby-2.3.1/gems/actionpack-5.0.0.rc1/lib/action_dispatch/middleware/templates/routes/_route.html.erb [46 times] (17.3ms)
  Rendered /Users/yuanchenhao/.rvm/gems/ruby-2.3.1/gems/actionpack-5.0.0.rc1/lib/action_dispatch/middleware/templates/routes/_table.html.erb (1.4ms)
  Rendering /Users/yuanchenhao/.rvm/gems/ruby-2.3.1/gems/actionpack-5.0.0.rc1/lib/action_dispatch/middleware/templates/rescues/_request_and_response.html.erb
  Rendered /Users/yuanchenhao/.rvm/gems/ruby-2.3.1/gems/actionpack-5.0.0.rc1/lib/action_dispatch/middleware/templates/rescues/_request_and_response.html.erb (1.1ms)
  Rendered /Users/yuanchenhao/.rvm/gems/ruby-2.3.1/gems/actionpack-5.0.0.rc1/lib/action_dispatch/middleware/templates/rescues/routing_error.html.erb within rescues/layout (110.0ms)
  Rendering /Users/yuanchenhao/.rvm/gems/ruby-2.3.1/gems/web-console-3.1.1/lib/web_console/templates/index.html.erb
  Rendered /Users/yuanchenhao/.rvm/gems/ruby-2.3.1/gems/web-console-3.1.1/lib/web_console/templates/_markup.html.erb (0.5ms)
  Rendering /Users/yuanchenhao/.rvm/gems/ruby-2.3.1/gems/web-console-3.1.1/lib/web_console/templates/console.js.erb within layouts/javascript
  Rendering /Users/yuanchenhao/.rvm/gems/ruby-2.3.1/gems/web-console-3.1.1/lib/web_console/templates/_inner_console_markup.html.erb within layouts/inlined_string
  Rendered /Users/yuanchenhao/.rvm/gems/ruby-2.3.1/gems/web-console-3.1.1/lib/web_console/templates/_inner_console_markup.html.erb within layouts/inlined_string (0.4ms)
  Rendering /Users/yuanchenhao/.rvm/gems/ruby-2.3.1/gems/web-console-3.1.1/lib/web_console/templates/_prompt_box_markup.html.erb within layouts/inlined_string
  Rendered /Users/yuanchenhao/.rvm/gems/ruby-2.3.1/gems/web-console-3.1.1/lib/web_console/templates/_prompt_box_markup.html.erb within layouts/inlined_string (0.4ms)
  Rendering /Users/yuanchenhao/.rvm/gems/ruby-2.3.1/gems/web-console-3.1.1/lib/web_console/templates/style.css.erb within layouts/inlined_string
  Rendered /Users/yuanchenhao/.rvm/gems/ruby-2.3.1/gems/web-console-3.1.1/lib/web_console/templates/style.css.erb within layouts/inlined_string (0.6ms)
  Rendered /Users/yuanchenhao/.rvm/gems/ruby-2.3.1/gems/web-console-3.1.1/lib/web_console/templates/console.js.erb within layouts/javascript (59.3ms)
  Rendering /Users/yuanchenhao/.rvm/gems/ruby-2.3.1/gems/web-console-3.1.1/lib/web_console/templates/main.js.erb within layouts/javascript
  Rendered /Users/yuanchenhao/.rvm/gems/ruby-2.3.1/gems/web-console-3.1.1/lib/web_console/templates/main.js.erb within layouts/javascript (0.4ms)
  Rendered /Users/yuanchenhao/.rvm/gems/ruby-2.3.1/gems/web-console-3.1.1/lib/web_console/templates/index.html.erb (120.0ms)
Started GET "/themes/default/assets/fonts/icons.ttf" for ::1 at 2016-06-04 22:55:04 +0800
  
ActionController::RoutingError (No route matches [GET] "/themes/default/assets/fonts/icons.ttf"):
  
actionpack (5.0.0.rc1) lib/action_dispatch/middleware/debug_exceptions.rb:53:in `call'
web-console (3.1.1) lib/web_console/middleware.rb:131:in `call_app'
web-console (3.1.1) lib/web_console/middleware.rb:28:in `block in call'
web-console (3.1.1) lib/web_console/middleware.rb:18:in `catch'
web-console (3.1.1) lib/web_console/middleware.rb:18:in `call'
actionpack (5.0.0.rc1) lib/action_dispatch/middleware/show_exceptions.rb:31:in `call'
railties (5.0.0.rc1) lib/rails/rack/logger.rb:36:in `call_app'
railties (5.0.0.rc1) lib/rails/rack/logger.rb:24:in `block in call'
activesupport (5.0.0.rc1) lib/active_support/tagged_logging.rb:70:in `block in tagged'
activesupport (5.0.0.rc1) lib/active_support/tagged_logging.rb:26:in `tagged'
activesupport (5.0.0.rc1) lib/active_support/tagged_logging.rb:70:in `tagged'
railties (5.0.0.rc1) lib/rails/rack/logger.rb:24:in `call'
actionpack (5.0.0.rc1) lib/action_dispatch/middleware/request_id.rb:24:in `call'
rack (2.0.0.rc1) lib/rack/method_override.rb:22:in `call'
rack (2.0.0.rc1) lib/rack/runtime.rb:22:in `call'
activesupport (5.0.0.rc1) lib/active_support/cache/strategy/local_cache_middleware.rb:28:in `call'
actionpack (5.0.0.rc1) lib/action_dispatch/middleware/executor.rb:12:in `call'
actionpack (5.0.0.rc1) lib/action_dispatch/middleware/static.rb:136:in `call'
rack (2.0.0.rc1) lib/rack/sendfile.rb:111:in `call'
railties (5.0.0.rc1) lib/rails/engine.rb:522:in `call'
puma (3.4.0) lib/puma/configuration.rb:224:in `call'
puma (3.4.0) lib/puma/server.rb:569:in `handle_request'
puma (3.4.0) lib/puma/server.rb:406:in `process_client'
puma (3.4.0) lib/puma/server.rb:271:in `block in run'
puma (3.4.0) lib/puma/thread_pool.rb:114:in `block in spawn_thread'
  Rendering /Users/yuanchenhao/.rvm/gems/ruby-2.3.1/gems/actionpack-5.0.0.rc1/lib/action_dispatch/middleware/templates/rescues/routing_error.html.erb within rescues/layout
  Rendering /Users/yuanchenhao/.rvm/gems/ruby-2.3.1/gems/actionpack-5.0.0.rc1/lib/action_dispatch/middleware/templates/rescues/_trace.html.erb
  Rendered /Users/yuanchenhao/.rvm/gems/ruby-2.3.1/gems/actionpack-5.0.0.rc1/lib/action_dispatch/middleware/templates/rescues/_trace.html.erb (1.6ms)
  Rendered collection of /Users/yuanchenhao/.rvm/gems/ruby-2.3.1/gems/actionpack-5.0.0.rc1/lib/action_dispatch/middleware/templates/routes/_route.html.erb [46 times] (15.8ms)
  Rendered /Users/yuanchenhao/.rvm/gems/ruby-2.3.1/gems/actionpack-5.0.0.rc1/lib/action_dispatch/middleware/templates/routes/_table.html.erb (1.3ms)
  Rendering /Users/yuanchenhao/.rvm/gems/ruby-2.3.1/gems/actionpack-5.0.0.rc1/lib/action_dispatch/middleware/templates/rescues/_request_and_response.html.erb
  Rendered /Users/yuanchenhao/.rvm/gems/ruby-2.3.1/gems/actionpack-5.0.0.rc1/lib/action_dispatch/middleware/templates/rescues/_request_and_response.html.erb (1.6ms)
  Rendered /Users/yuanchenhao/.rvm/gems/ruby-2.3.1/gems/actionpack-5.0.0.rc1/lib/action_dispatch/middleware/templates/rescues/routing_error.html.erb within rescues/layout (125.1ms)
  Rendering /Users/yuanchenhao/.rvm/gems/ruby-2.3.1/gems/web-console-3.1.1/lib/web_console/templates/index.html.erb
  Rendered /Users/yuanchenhao/.rvm/gems/ruby-2.3.1/gems/web-console-3.1.1/lib/web_console/templates/_markup.html.erb (0.6ms)
  Rendering /Users/yuanchenhao/.rvm/gems/ruby-2.3.1/gems/web-console-3.1.1/lib/web_console/templates/console.js.erb within layouts/javascript
  Rendering /Users/yuanchenhao/.rvm/gems/ruby-2.3.1/gems/web-console-3.1.1/lib/web_console/templates/_inner_console_markup.html.erb within layouts/inlined_string
  Rendered /Users/yuanchenhao/.rvm/gems/ruby-2.3.1/gems/web-console-3.1.1/lib/web_console/templates/_inner_console_markup.html.erb within layouts/inlined_string (0.5ms)
  Rendering /Users/yuanchenhao/.rvm/gems/ruby-2.3.1/gems/web-console-3.1.1/lib/web_console/templates/_prompt_box_markup.html.erb within layouts/inlined_string
  Rendered /Users/yuanchenhao/.rvm/gems/ruby-2.3.1/gems/web-console-3.1.1/lib/web_console/templates/_prompt_box_markup.html.erb within layouts/inlined_string (0.4ms)
  Rendering /Users/yuanchenhao/.rvm/gems/ruby-2.3.1/gems/web-console-3.1.1/lib/web_console/templates/style.css.erb within layouts/inlined_string
  Rendered /Users/yuanchenhao/.rvm/gems/ruby-2.3.1/gems/web-console-3.1.1/lib/web_console/templates/style.css.erb within layouts/inlined_string (0.4ms)
  Rendered /Users/yuanchenhao/.rvm/gems/ruby-2.3.1/gems/web-console-3.1.1/lib/web_console/templates/console.js.erb within layouts/javascript (65.3ms)
  Rendering /Users/yuanchenhao/.rvm/gems/ruby-2.3.1/gems/web-console-3.1.1/lib/web_console/templates/main.js.erb within layouts/javascript
  Rendered /Users/yuanchenhao/.rvm/gems/ruby-2.3.1/gems/web-console-3.1.1/lib/web_console/templates/main.js.erb within layouts/javascript (0.3ms)
  Rendered /Users/yuanchenhao/.rvm/gems/ruby-2.3.1/gems/web-console-3.1.1/lib/web_console/templates/index.html.erb (120.1ms)
Started GET "/assets/themes/default/assets/fonts/icons.woff2" for ::1 at 2016-06-04 22:55:05 +0800
Started GET "/assets/favicon-0b5580f56302c373662811332c23ffa010b787852250d87f193b09bfce8ad53d.ico" for ::1 at 2016-06-04 22:55:05 +0800
Started PATCH "/category/1" for ::1 at 2016-06-04 23:06:09 +0800
Processing by CategoryController#update as HTML
  Parameters: {"utf8"=>"✓", "authenticity_token"=>"7sz3ArT64BCU0D2sGBaPlm935JcqyZecSobkXT9UKa0ggNjdJfjgYJKKggEAAzoSmzLcRyypAp/71ZRK2Zm+aA==", "category"=>{"title"=>"文具"}, "button"=>"", "id"=>"1"}
Filter chain halted as #<Proc:0x007fb3d3a66c90@/Users/yuanchenhao/.rvm/gems/ruby-2.3.1/gems/actionpack-5.0.0.rc1/lib/action_controller/metal/http_authentication.rb:70> rendered or redirected
Completed 401 Unauthorized in 1ms (ActiveRecord: 0.0ms)


Started PATCH "/category/1" for ::1 at 2016-06-04 23:06:09 +0800
Processing by CategoryController#update as HTML
  Parameters: {"utf8"=>"✓", "authenticity_token"=>"7sz3ArT64BCU0D2sGBaPlm935JcqyZecSobkXT9UKa0ggNjdJfjgYJKKggEAAzoSmzLcRyypAp/71ZRK2Zm+aA==", "category"=>{"title"=>"文具"}, "button"=>"", "id"=>"1"}
  [1m[36mCategory Load (0.3ms)[0m  [1m[34mSELECT  "categories".* FROM "categories" WHERE "categories"."id" = ? LIMIT ?[0m  [["id", 1], ["LIMIT", 1]]
  [1m[36mBoard Load (0.1ms)[0m  [1m[34mSELECT  "boards".* FROM "boards" WHERE "boards"."id" = ? LIMIT ?[0m  [["id", 1], ["LIMIT", 1]]
  [1m[35m (0.1ms)[0m  [1m[36mbegin transaction[0m
  [1m[35mSQL (0.7ms)[0m  [1m[33mUPDATE "categories" SET "title" = ?, "updated_at" = ? WHERE "categories"."id" = ?[0m  [["title", "文具"], ["updated_at", 2016-06-04 15:06:09 UTC], ["id", 1]]
  [1m[35m (0.7ms)[0m  [1m[36mcommit transaction[0m
Redirected to http://localhost:3000/boarding/1
Completed 302 Found in 17ms (ActiveRecord: 2.0ms)


Started GET "/boarding/1" for ::1 at 2016-06-04 23:06:09 +0800
Processing by BoardingController#show as HTML
  Parameters: {"id"=>"1"}
  [1m[36mBoard Load (0.1ms)[0m  [1m[34mSELECT  "boards".* FROM "boards" WHERE "boards"."id" = ? LIMIT ?[0m  [["id", 1], ["LIMIT", 1]]
  [1m[35m (0.1ms)[0m  [1m[34mSELECT COUNT(*) FROM "boards"[0m
  Rendering boarding/show.html.erb within layouts/application
  Rendered boarding/_searchbar.erb (2.1ms)
  [1m[36mCategory Load (0.2ms)[0m  [1m[34mSELECT "categories".* FROM "categories" WHERE "categories"."board_id" = ?[0m  [["board_id", 1]]
  [1m[36mSite Load (0.2ms)[0m  [1m[34mSELECT "sites".* FROM "sites" WHERE "sites"."category_id" = ?[0m  [["category_id", 1]]
  Rendered category/_categorycard.erb (7.1ms)
  Rendered boarding/_board.erb (10.7ms)
  Rendered boarding/_misc.erb (0.3ms)
  Rendered boarding/_background.erb (0.3ms)
  Rendered boarding/show.html.erb within layouts/application (19.9ms)
Completed 200 OK in 32ms (Views: 28.9ms | ActiveRecord: 0.6ms)


Started GET "/themes/default/assets/fonts/icons.woff2" for ::1 at 2016-06-04 23:06:10 +0800
  
ActionController::RoutingError (No route matches [GET] "/themes/default/assets/fonts/icons.woff2"):
  
actionpack (5.0.0.rc1) lib/action_dispatch/middleware/debug_exceptions.rb:53:in `call'
web-console (3.1.1) lib/web_console/middleware.rb:131:in `call_app'
web-console (3.1.1) lib/web_console/middleware.rb:28:in `block in call'
web-console (3.1.1) lib/web_console/middleware.rb:18:in `catch'
web-console (3.1.1) lib/web_console/middleware.rb:18:in `call'
actionpack (5.0.0.rc1) lib/action_dispatch/middleware/show_exceptions.rb:31:in `call'
railties (5.0.0.rc1) lib/rails/rack/logger.rb:36:in `call_app'
railties (5.0.0.rc1) lib/rails/rack/logger.rb:24:in `block in call'
activesupport (5.0.0.rc1) lib/active_support/tagged_logging.rb:70:in `block in tagged'
activesupport (5.0.0.rc1) lib/active_support/tagged_logging.rb:26:in `tagged'
activesupport (5.0.0.rc1) lib/active_support/tagged_logging.rb:70:in `tagged'
railties (5.0.0.rc1) lib/rails/rack/logger.rb:24:in `call'
actionpack (5.0.0.rc1) lib/action_dispatch/middleware/request_id.rb:24:in `call'
rack (2.0.0.rc1) lib/rack/method_override.rb:22:in `call'
rack (2.0.0.rc1) lib/rack/runtime.rb:22:in `call'
activesupport (5.0.0.rc1) lib/active_support/cache/strategy/local_cache_middleware.rb:28:in `call'
actionpack (5.0.0.rc1) lib/action_dispatch/middleware/executor.rb:12:in `call'
actionpack (5.0.0.rc1) lib/action_dispatch/middleware/static.rb:136:in `call'
rack (2.0.0.rc1) lib/rack/sendfile.rb:111:in `call'
railties (5.0.0.rc1) lib/rails/engine.rb:522:in `call'
puma (3.4.0) lib/puma/configuration.rb:224:in `call'
puma (3.4.0) lib/puma/server.rb:569:in `handle_request'
puma (3.4.0) lib/puma/server.rb:406:in `process_client'
puma (3.4.0) lib/puma/server.rb:271:in `block in run'
puma (3.4.0) lib/puma/thread_pool.rb:114:in `block in spawn_thread'
  Rendering /Users/yuanchenhao/.rvm/gems/ruby-2.3.1/gems/actionpack-5.0.0.rc1/lib/action_dispatch/middleware/templates/rescues/routing_error.html.erb within rescues/layout
  Rendering /Users/yuanchenhao/.rvm/gems/ruby-2.3.1/gems/actionpack-5.0.0.rc1/lib/action_dispatch/middleware/templates/rescues/_trace.html.erb
  Rendered /Users/yuanchenhao/.rvm/gems/ruby-2.3.1/gems/actionpack-5.0.0.rc1/lib/action_dispatch/middleware/templates/rescues/_trace.html.erb (1.3ms)
  Rendered collection of /Users/yuanchenhao/.rvm/gems/ruby-2.3.1/gems/actionpack-5.0.0.rc1/lib/action_dispatch/middleware/templates/routes/_route.html.erb [46 times] (12.5ms)
  Rendered /Users/yuanchenhao/.rvm/gems/ruby-2.3.1/gems/actionpack-5.0.0.rc1/lib/action_dispatch/middleware/templates/routes/_table.html.erb (1.2ms)
  Rendering /Users/yuanchenhao/.rvm/gems/ruby-2.3.1/gems/actionpack-5.0.0.rc1/lib/action_dispatch/middleware/templates/rescues/_request_and_response.html.erb
  Rendered /Users/yuanchenhao/.rvm/gems/ruby-2.3.1/gems/actionpack-5.0.0.rc1/lib/action_dispatch/middleware/templates/rescues/_request_and_response.html.erb (1.2ms)
  Rendered /Users/yuanchenhao/.rvm/gems/ruby-2.3.1/gems/actionpack-5.0.0.rc1/lib/action_dispatch/middleware/templates/rescues/routing_error.html.erb within rescues/layout (99.3ms)
  Rendering /Users/yuanchenhao/.rvm/gems/ruby-2.3.1/gems/web-console-3.1.1/lib/web_console/templates/index.html.erb
  Rendered /Users/yuanchenhao/.rvm/gems/ruby-2.3.1/gems/web-console-3.1.1/lib/web_console/templates/_markup.html.erb (0.4ms)
  Rendering /Users/yuanchenhao/.rvm/gems/ruby-2.3.1/gems/web-console-3.1.1/lib/web_console/templates/console.js.erb within layouts/javascript
  Rendering /Users/yuanchenhao/.rvm/gems/ruby-2.3.1/gems/web-console-3.1.1/lib/web_console/templates/_inner_console_markup.html.erb within layouts/inlined_string
  Rendered /Users/yuanchenhao/.rvm/gems/ruby-2.3.1/gems/web-console-3.1.1/lib/web_console/templates/_inner_console_markup.html.erb within layouts/inlined_string (0.4ms)
  Rendering /Users/yuanchenhao/.rvm/gems/ruby-2.3.1/gems/web-console-3.1.1/lib/web_console/templates/_prompt_box_markup.html.erb within layouts/inlined_string
  Rendered /Users/yuanchenhao/.rvm/gems/ruby-2.3.1/gems/web-console-3.1.1/lib/web_console/templates/_prompt_box_markup.html.erb within layouts/inlined_string (0.5ms)
  Rendering /Users/yuanchenhao/.rvm/gems/ruby-2.3.1/gems/web-console-3.1.1/lib/web_console/templates/style.css.erb within layouts/inlined_string
  Rendered /Users/yuanchenhao/.rvm/gems/ruby-2.3.1/gems/web-console-3.1.1/lib/web_console/templates/style.css.erb within layouts/inlined_string (0.4ms)
  Rendered /Users/yuanchenhao/.rvm/gems/ruby-2.3.1/gems/web-console-3.1.1/lib/web_console/templates/console.js.erb within layouts/javascript (59.9ms)
  Rendering /Users/yuanchenhao/.rvm/gems/ruby-2.3.1/gems/web-console-3.1.1/lib/web_console/templates/main.js.erb within layouts/javascript
  Rendered /Users/yuanchenhao/.rvm/gems/ruby-2.3.1/gems/web-console-3.1.1/lib/web_console/templates/main.js.erb within layouts/javascript (0.3ms)
  Rendered /Users/yuanchenhao/.rvm/gems/ruby-2.3.1/gems/web-console-3.1.1/lib/web_console/templates/index.html.erb (113.6ms)
Started GET "/themes/default/assets/fonts/icons.woff" for ::1 at 2016-06-04 23:06:10 +0800
  
ActionController::RoutingError (No route matches [GET] "/themes/default/assets/fonts/icons.woff"):
  
actionpack (5.0.0.rc1) lib/action_dispatch/middleware/debug_exceptions.rb:53:in `call'
web-console (3.1.1) lib/web_console/middleware.rb:131:in `call_app'
web-console (3.1.1) lib/web_console/middleware.rb:28:in `block in call'
web-console (3.1.1) lib/web_console/middleware.rb:18:in `catch'
web-console (3.1.1) lib/web_console/middleware.rb:18:in `call'
actionpack (5.0.0.rc1) lib/action_dispatch/middleware/show_exceptions.rb:31:in `call'
railties (5.0.0.rc1) lib/rails/rack/logger.rb:36:in `call_app'
railties (5.0.0.rc1) lib/rails/rack/logger.rb:24:in `block in call'
activesupport (5.0.0.rc1) lib/active_support/tagged_logging.rb:70:in `block in tagged'
activesupport (5.0.0.rc1) lib/active_support/tagged_logging.rb:26:in `tagged'
activesupport (5.0.0.rc1) lib/active_support/tagged_logging.rb:70:in `tagged'
railties (5.0.0.rc1) lib/rails/rack/logger.rb:24:in `call'
actionpack (5.0.0.rc1) lib/action_dispatch/middleware/request_id.rb:24:in `call'
rack (2.0.0.rc1) lib/rack/method_override.rb:22:in `call'
rack (2.0.0.rc1) lib/rack/runtime.rb:22:in `call'
activesupport (5.0.0.rc1) lib/active_support/cache/strategy/local_cache_middleware.rb:28:in `call'
actionpack (5.0.0.rc1) lib/action_dispatch/middleware/executor.rb:12:in `call'
actionpack (5.0.0.rc1) lib/action_dispatch/middleware/static.rb:136:in `call'
rack (2.0.0.rc1) lib/rack/sendfile.rb:111:in `call'
railties (5.0.0.rc1) lib/rails/engine.rb:522:in `call'
puma (3.4.0) lib/puma/configuration.rb:224:in `call'
puma (3.4.0) lib/puma/server.rb:569:in `handle_request'
puma (3.4.0) lib/puma/server.rb:406:in `process_client'
puma (3.4.0) lib/puma/server.rb:271:in `block in run'
puma (3.4.0) lib/puma/thread_pool.rb:114:in `block in spawn_thread'
  Rendering /Users/yuanchenhao/.rvm/gems/ruby-2.3.1/gems/actionpack-5.0.0.rc1/lib/action_dispatch/middleware/templates/rescues/routing_error.html.erb within rescues/layout
  Rendering /Users/yuanchenhao/.rvm/gems/ruby-2.3.1/gems/actionpack-5.0.0.rc1/lib/action_dispatch/middleware/templates/rescues/_trace.html.erb
  Rendered /Users/yuanchenhao/.rvm/gems/ruby-2.3.1/gems/actionpack-5.0.0.rc1/lib/action_dispatch/middleware/templates/rescues/_trace.html.erb (1.4ms)
  Rendered collection of /Users/yuanchenhao/.rvm/gems/ruby-2.3.1/gems/actionpack-5.0.0.rc1/lib/action_dispatch/middleware/templates/routes/_route.html.erb [46 times] (14.6ms)
  Rendered /Users/yuanchenhao/.rvm/gems/ruby-2.3.1/gems/actionpack-5.0.0.rc1/lib/action_dispatch/middleware/templates/routes/_table.html.erb (1.6ms)
  Rendering /Users/yuanchenhao/.rvm/gems/ruby-2.3.1/gems/actionpack-5.0.0.rc1/lib/action_dispatch/middleware/templates/rescues/_request_and_response.html.erb
  Rendered /Users/yuanchenhao/.rvm/gems/ruby-2.3.1/gems/actionpack-5.0.0.rc1/lib/action_dispatch/middleware/templates/rescues/_request_and_response.html.erb (1.2ms)
  Rendered /Users/yuanchenhao/.rvm/gems/ruby-2.3.1/gems/actionpack-5.0.0.rc1/lib/action_dispatch/middleware/templates/rescues/routing_error.html.erb within rescues/layout (107.8ms)
  Rendering /Users/yuanchenhao/.rvm/gems/ruby-2.3.1/gems/web-console-3.1.1/lib/web_console/templates/index.html.erb
  Rendered /Users/yuanchenhao/.rvm/gems/ruby-2.3.1/gems/web-console-3.1.1/lib/web_console/templates/_markup.html.erb (0.4ms)
  Rendering /Users/yuanchenhao/.rvm/gems/ruby-2.3.1/gems/web-console-3.1.1/lib/web_console/templates/console.js.erb within layouts/javascript
  Rendering /Users/yuanchenhao/.rvm/gems/ruby-2.3.1/gems/web-console-3.1.1/lib/web_console/templates/_inner_console_markup.html.erb within layouts/inlined_string
  Rendered /Users/yuanchenhao/.rvm/gems/ruby-2.3.1/gems/web-console-3.1.1/lib/web_console/templates/_inner_console_markup.html.erb within layouts/inlined_string (0.4ms)
  Rendering /Users/yuanchenhao/.rvm/gems/ruby-2.3.1/gems/web-console-3.1.1/lib/web_console/templates/_prompt_box_markup.html.erb within layouts/inlined_string
  Rendered /Users/yuanchenhao/.rvm/gems/ruby-2.3.1/gems/web-console-3.1.1/lib/web_console/templates/_prompt_box_markup.html.erb within layouts/inlined_string (0.6ms)
  Rendering /Users/yuanchenhao/.rvm/gems/ruby-2.3.1/gems/web-console-3.1.1/lib/web_console/templates/style.css.erb within layouts/inlined_string
  Rendered /Users/yuanchenhao/.rvm/gems/ruby-2.3.1/gems/web-console-3.1.1/lib/web_console/templates/style.css.erb within layouts/inlined_string (0.5ms)
  Rendered /Users/yuanchenhao/.rvm/gems/ruby-2.3.1/gems/web-console-3.1.1/lib/web_console/templates/console.js.erb within layouts/javascript (63.2ms)
  Rendering /Users/yuanchenhao/.rvm/gems/ruby-2.3.1/gems/web-console-3.1.1/lib/web_console/templates/main.js.erb within layouts/javascript
  Rendered /Users/yuanchenhao/.rvm/gems/ruby-2.3.1/gems/web-console-3.1.1/lib/web_console/templates/main.js.erb within layouts/javascript (0.3ms)
  Rendered /Users/yuanchenhao/.rvm/gems/ruby-2.3.1/gems/web-console-3.1.1/lib/web_console/templates/index.html.erb (116.3ms)
Started GET "/themes/default/assets/fonts/icons.ttf" for ::1 at 2016-06-04 23:06:11 +0800
  
ActionController::RoutingError (No route matches [GET] "/themes/default/assets/fonts/icons.ttf"):
  
actionpack (5.0.0.rc1) lib/action_dispatch/middleware/debug_exceptions.rb:53:in `call'
web-console (3.1.1) lib/web_console/middleware.rb:131:in `call_app'
web-console (3.1.1) lib/web_console/middleware.rb:28:in `block in call'
web-console (3.1.1) lib/web_console/middleware.rb:18:in `catch'
web-console (3.1.1) lib/web_console/middleware.rb:18:in `call'
actionpack (5.0.0.rc1) lib/action_dispatch/middleware/show_exceptions.rb:31:in `call'
railties (5.0.0.rc1) lib/rails/rack/logger.rb:36:in `call_app'
railties (5.0.0.rc1) lib/rails/rack/logger.rb:24:in `block in call'
activesupport (5.0.0.rc1) lib/active_support/tagged_logging.rb:70:in `block in tagged'
activesupport (5.0.0.rc1) lib/active_support/tagged_logging.rb:26:in `tagged'
activesupport (5.0.0.rc1) lib/active_support/tagged_logging.rb:70:in `tagged'
railties (5.0.0.rc1) lib/rails/rack/logger.rb:24:in `call'
actionpack (5.0.0.rc1) lib/action_dispatch/middleware/request_id.rb:24:in `call'
rack (2.0.0.rc1) lib/rack/method_override.rb:22:in `call'
rack (2.0.0.rc1) lib/rack/runtime.rb:22:in `call'
activesupport (5.0.0.rc1) lib/active_support/cache/strategy/local_cache_middleware.rb:28:in `call'
actionpack (5.0.0.rc1) lib/action_dispatch/middleware/executor.rb:12:in `call'
actionpack (5.0.0.rc1) lib/action_dispatch/middleware/static.rb:136:in `call'
rack (2.0.0.rc1) lib/rack/sendfile.rb:111:in `call'
railties (5.0.0.rc1) lib/rails/engine.rb:522:in `call'
puma (3.4.0) lib/puma/configuration.rb:224:in `call'
puma (3.4.0) lib/puma/server.rb:569:in `handle_request'
puma (3.4.0) lib/puma/server.rb:406:in `process_client'
puma (3.4.0) lib/puma/server.rb:271:in `block in run'
puma (3.4.0) lib/puma/thread_pool.rb:114:in `block in spawn_thread'
  Rendering /Users/yuanchenhao/.rvm/gems/ruby-2.3.1/gems/actionpack-5.0.0.rc1/lib/action_dispatch/middleware/templates/rescues/routing_error.html.erb within rescues/layout
  Rendering /Users/yuanchenhao/.rvm/gems/ruby-2.3.1/gems/actionpack-5.0.0.rc1/lib/action_dispatch/middleware/templates/rescues/_trace.html.erb
  Rendered /Users/yuanchenhao/.rvm/gems/ruby-2.3.1/gems/actionpack-5.0.0.rc1/lib/action_dispatch/middleware/templates/rescues/_trace.html.erb (1.5ms)
  Rendered collection of /Users/yuanchenhao/.rvm/gems/ruby-2.3.1/gems/actionpack-5.0.0.rc1/lib/action_dispatch/middleware/templates/routes/_route.html.erb [46 times] (13.9ms)
  Rendered /Users/yuanchenhao/.rvm/gems/ruby-2.3.1/gems/actionpack-5.0.0.rc1/lib/action_dispatch/middleware/templates/routes/_table.html.erb (1.4ms)
  Rendering /Users/yuanchenhao/.rvm/gems/ruby-2.3.1/gems/actionpack-5.0.0.rc1/lib/action_dispatch/middleware/templates/rescues/_request_and_response.html.erb
  Rendered /Users/yuanchenhao/.rvm/gems/ruby-2.3.1/gems/actionpack-5.0.0.rc1/lib/action_dispatch/middleware/templates/rescues/_request_and_response.html.erb (1.4ms)
  Rendered /Users/yuanchenhao/.rvm/gems/ruby-2.3.1/gems/actionpack-5.0.0.rc1/lib/action_dispatch/middleware/templates/rescues/routing_error.html.erb within rescues/layout (99.1ms)
  Rendering /Users/yuanchenhao/.rvm/gems/ruby-2.3.1/gems/web-console-3.1.1/lib/web_console/templates/index.html.erb
  Rendered /Users/yuanchenhao/.rvm/gems/ruby-2.3.1/gems/web-console-3.1.1/lib/web_console/templates/_markup.html.erb (0.5ms)
  Rendering /Users/yuanchenhao/.rvm/gems/ruby-2.3.1/gems/web-console-3.1.1/lib/web_console/templates/console.js.erb within layouts/javascript
  Rendering /Users/yuanchenhao/.rvm/gems/ruby-2.3.1/gems/web-console-3.1.1/lib/web_console/templates/_inner_console_markup.html.erb within layouts/inlined_string
  Rendered /Users/yuanchenhao/.rvm/gems/ruby-2.3.1/gems/web-console-3.1.1/lib/web_console/templates/_inner_console_markup.html.erb within layouts/inlined_string (0.4ms)
  Rendering /Users/yuanchenhao/.rvm/gems/ruby-2.3.1/gems/web-console-3.1.1/lib/web_console/templates/_prompt_box_markup.html.erb within layouts/inlined_string
  Rendered /Users/yuanchenhao/.rvm/gems/ruby-2.3.1/gems/web-console-3.1.1/lib/web_console/templates/_prompt_box_markup.html.erb within layouts/inlined_string (0.4ms)
  Rendering /Users/yuanchenhao/.rvm/gems/ruby-2.3.1/gems/web-console-3.1.1/lib/web_console/templates/style.css.erb within layouts/inlined_string
  Rendered /Users/yuanchenhao/.rvm/gems/ruby-2.3.1/gems/web-console-3.1.1/lib/web_console/templates/style.css.erb within layouts/inlined_string (0.4ms)
  Rendered /Users/yuanchenhao/.rvm/gems/ruby-2.3.1/gems/web-console-3.1.1/lib/web_console/templates/console.js.erb within layouts/javascript (55.7ms)
  Rendering /Users/yuanchenhao/.rvm/gems/ruby-2.3.1/gems/web-console-3.1.1/lib/web_console/templates/main.js.erb within layouts/javascript
  Rendered /Users/yuanchenhao/.rvm/gems/ruby-2.3.1/gems/web-console-3.1.1/lib/web_console/templates/main.js.erb within layouts/javascript (0.4ms)
  Rendered /Users/yuanchenhao/.rvm/gems/ruby-2.3.1/gems/web-console-3.1.1/lib/web_console/templates/index.html.erb (107.2ms)
Started GET "/assets/themes/default/assets/fonts/icons.woff2" for ::1 at 2016-06-04 23:06:11 +0800
Started POST "/category/1/site" for ::1 at 2016-06-04 23:09:55 +0800
Processing by SiteController#create as HTML
  Parameters: {"utf8"=>"✓", "authenticity_token"=>"3Vk+j+8X/7n6JP2xppY3/W/StjILnEeF9EIV8wRPx9gTFRFQfhX/yfx+Qhy+g4J5m5eO4g380oZFEWXk4oJQHQ==", "site"=>{"title"=>"BeSteve", "url"=>"http://www.besteve.net"}, "button"=>"", "category_id"=>"1"}
  [1m[36mCategory Load (0.1ms)[0m  [1m[34mSELECT  "categories".* FROM "categories" WHERE "categories"."id" = ? LIMIT ?[0m  [["id", 1], ["LIMIT", 1]]
  [1m[35m (0.1ms)[0m  [1m[36mbegin transaction[0m
  [1m[35mSQL (0.7ms)[0m  [1m[32mINSERT INTO "sites" ("title", "url", "category_id", "created_at", "updated_at") VALUES (?, ?, ?, ?, ?)[0m  [["title", "BeSteve"], ["url", "http://www.besteve.net"], ["category_id", 1], ["created_at", 2016-06-04 15:09:55 UTC], ["updated_at", 2016-06-04 15:09:55 UTC]]
  [1m[35m (0.7ms)[0m  [1m[36mcommit transaction[0m
  [1m[36mBoard Load (0.1ms)[0m  [1m[34mSELECT  "boards".* FROM "boards" WHERE "boards"."id" = ? LIMIT ?[0m  [["id", 1], ["LIMIT", 1]]
Redirected to http://localhost:3000/boarding/1
Completed 302 Found in 10ms (ActiveRecord: 1.7ms)


Started GET "/boarding/1" for ::1 at 2016-06-04 23:09:55 +0800
Processing by BoardingController#show as HTML
  Parameters: {"id"=>"1"}
  [1m[36mBoard Load (0.1ms)[0m  [1m[34mSELECT  "boards".* FROM "boards" WHERE "boards"."id" = ? LIMIT ?[0m  [["id", 1], ["LIMIT", 1]]
  [1m[35m (0.1ms)[0m  [1m[34mSELECT COUNT(*) FROM "boards"[0m
  Rendering boarding/show.html.erb within layouts/application
  Rendered boarding/_searchbar.erb (1.5ms)
  [1m[36mCategory Load (0.2ms)[0m  [1m[34mSELECT "categories".* FROM "categories" WHERE "categories"."board_id" = ?[0m  [["board_id", 1]]
  [1m[36mSite Load (0.2ms)[0m  [1m[34mSELECT "sites".* FROM "sites" WHERE "sites"."category_id" = ?[0m  [["category_id", 1]]
  Rendered category/_categorycard.erb (7.4ms)
  Rendered boarding/_board.erb (11.0ms)
  Rendered boarding/_misc.erb (0.4ms)
  Rendered boarding/_background.erb (0.3ms)
  Rendered boarding/show.html.erb within layouts/application (19.7ms)
Completed 200 OK in 31ms (Views: 27.4ms | ActiveRecord: 0.5ms)


Started GET "/themes/default/assets/fonts/icons.woff2" for ::1 at 2016-06-04 23:09:55 +0800
  
ActionController::RoutingError (No route matches [GET] "/themes/default/assets/fonts/icons.woff2"):
  
actionpack (5.0.0.rc1) lib/action_dispatch/middleware/debug_exceptions.rb:53:in `call'
web-console (3.1.1) lib/web_console/middleware.rb:131:in `call_app'
web-console (3.1.1) lib/web_console/middleware.rb:28:in `block in call'
web-console (3.1.1) lib/web_console/middleware.rb:18:in `catch'
web-console (3.1.1) lib/web_console/middleware.rb:18:in `call'
actionpack (5.0.0.rc1) lib/action_dispatch/middleware/show_exceptions.rb:31:in `call'
railties (5.0.0.rc1) lib/rails/rack/logger.rb:36:in `call_app'
railties (5.0.0.rc1) lib/rails/rack/logger.rb:24:in `block in call'
activesupport (5.0.0.rc1) lib/active_support/tagged_logging.rb:70:in `block in tagged'
activesupport (5.0.0.rc1) lib/active_support/tagged_logging.rb:26:in `tagged'
activesupport (5.0.0.rc1) lib/active_support/tagged_logging.rb:70:in `tagged'
railties (5.0.0.rc1) lib/rails/rack/logger.rb:24:in `call'
actionpack (5.0.0.rc1) lib/action_dispatch/middleware/request_id.rb:24:in `call'
rack (2.0.0.rc1) lib/rack/method_override.rb:22:in `call'
rack (2.0.0.rc1) lib/rack/runtime.rb:22:in `call'
activesupport (5.0.0.rc1) lib/active_support/cache/strategy/local_cache_middleware.rb:28:in `call'
actionpack (5.0.0.rc1) lib/action_dispatch/middleware/executor.rb:12:in `call'
actionpack (5.0.0.rc1) lib/action_dispatch/middleware/static.rb:136:in `call'
rack (2.0.0.rc1) lib/rack/sendfile.rb:111:in `call'
railties (5.0.0.rc1) lib/rails/engine.rb:522:in `call'
puma (3.4.0) lib/puma/configuration.rb:224:in `call'
puma (3.4.0) lib/puma/server.rb:569:in `handle_request'
puma (3.4.0) lib/puma/server.rb:406:in `process_client'
puma (3.4.0) lib/puma/server.rb:271:in `block in run'
puma (3.4.0) lib/puma/thread_pool.rb:114:in `block in spawn_thread'
  Rendering /Users/yuanchenhao/.rvm/gems/ruby-2.3.1/gems/actionpack-5.0.0.rc1/lib/action_dispatch/middleware/templates/rescues/routing_error.html.erb within rescues/layout
  Rendering /Users/yuanchenhao/.rvm/gems/ruby-2.3.1/gems/actionpack-5.0.0.rc1/lib/action_dispatch/middleware/templates/rescues/_trace.html.erb
  Rendered /Users/yuanchenhao/.rvm/gems/ruby-2.3.1/gems/actionpack-5.0.0.rc1/lib/action_dispatch/middleware/templates/rescues/_trace.html.erb (1.4ms)
  Rendered collection of /Users/yuanchenhao/.rvm/gems/ruby-2.3.1/gems/actionpack-5.0.0.rc1/lib/action_dispatch/middleware/templates/routes/_route.html.erb [46 times] (15.3ms)
  Rendered /Users/yuanchenhao/.rvm/gems/ruby-2.3.1/gems/actionpack-5.0.0.rc1/lib/action_dispatch/middleware/templates/routes/_table.html.erb (1.4ms)
  Rendering /Users/yuanchenhao/.rvm/gems/ruby-2.3.1/gems/actionpack-5.0.0.rc1/lib/action_dispatch/middleware/templates/rescues/_request_and_response.html.erb
  Rendered /Users/yuanchenhao/.rvm/gems/ruby-2.3.1/gems/actionpack-5.0.0.rc1/lib/action_dispatch/middleware/templates/rescues/_request_and_response.html.erb (1.0ms)
  Rendered /Users/yuanchenhao/.rvm/gems/ruby-2.3.1/gems/actionpack-5.0.0.rc1/lib/action_dispatch/middleware/templates/rescues/routing_error.html.erb within rescues/layout (102.0ms)
  Rendering /Users/yuanchenhao/.rvm/gems/ruby-2.3.1/gems/web-console-3.1.1/lib/web_console/templates/index.html.erb
  Rendered /Users/yuanchenhao/.rvm/gems/ruby-2.3.1/gems/web-console-3.1.1/lib/web_console/templates/_markup.html.erb (0.6ms)
  Rendering /Users/yuanchenhao/.rvm/gems/ruby-2.3.1/gems/web-console-3.1.1/lib/web_console/templates/console.js.erb within layouts/javascript
  Rendering /Users/yuanchenhao/.rvm/gems/ruby-2.3.1/gems/web-console-3.1.1/lib/web_console/templates/_inner_console_markup.html.erb within layouts/inlined_string
  Rendered /Users/yuanchenhao/.rvm/gems/ruby-2.3.1/gems/web-console-3.1.1/lib/web_console/templates/_inner_console_markup.html.erb within layouts/inlined_string (0.4ms)
  Rendering /Users/yuanchenhao/.rvm/gems/ruby-2.3.1/gems/web-console-3.1.1/lib/web_console/templates/_prompt_box_markup.html.erb within layouts/inlined_string
  Rendered /Users/yuanchenhao/.rvm/gems/ruby-2.3.1/gems/web-console-3.1.1/lib/web_console/templates/_prompt_box_markup.html.erb within layouts/inlined_string (0.3ms)
  Rendering /Users/yuanchenhao/.rvm/gems/ruby-2.3.1/gems/web-console-3.1.1/lib/web_console/templates/style.css.erb within layouts/inlined_string
  Rendered /Users/yuanchenhao/.rvm/gems/ruby-2.3.1/gems/web-console-3.1.1/lib/web_console/templates/style.css.erb within layouts/inlined_string (0.6ms)
  Rendered /Users/yuanchenhao/.rvm/gems/ruby-2.3.1/gems/web-console-3.1.1/lib/web_console/templates/console.js.erb within layouts/javascript (57.8ms)
  Rendering /Users/yuanchenhao/.rvm/gems/ruby-2.3.1/gems/web-console-3.1.1/lib/web_console/templates/main.js.erb within layouts/javascript
  Rendered /Users/yuanchenhao/.rvm/gems/ruby-2.3.1/gems/web-console-3.1.1/lib/web_console/templates/main.js.erb within layouts/javascript (0.9ms)
  Rendered /Users/yuanchenhao/.rvm/gems/ruby-2.3.1/gems/web-console-3.1.1/lib/web_console/templates/index.html.erb (111.7ms)
Started GET "/themes/default/assets/fonts/icons.woff" for ::1 at 2016-06-04 23:09:56 +0800
  
ActionController::RoutingError (No route matches [GET] "/themes/default/assets/fonts/icons.woff"):
  
actionpack (5.0.0.rc1) lib/action_dispatch/middleware/debug_exceptions.rb:53:in `call'
web-console (3.1.1) lib/web_console/middleware.rb:131:in `call_app'
web-console (3.1.1) lib/web_console/middleware.rb:28:in `block in call'
web-console (3.1.1) lib/web_console/middleware.rb:18:in `catch'
web-console (3.1.1) lib/web_console/middleware.rb:18:in `call'
actionpack (5.0.0.rc1) lib/action_dispatch/middleware/show_exceptions.rb:31:in `call'
railties (5.0.0.rc1) lib/rails/rack/logger.rb:36:in `call_app'
railties (5.0.0.rc1) lib/rails/rack/logger.rb:24:in `block in call'
activesupport (5.0.0.rc1) lib/active_support/tagged_logging.rb:70:in `block in tagged'
activesupport (5.0.0.rc1) lib/active_support/tagged_logging.rb:26:in `tagged'
activesupport (5.0.0.rc1) lib/active_support/tagged_logging.rb:70:in `tagged'
railties (5.0.0.rc1) lib/rails/rack/logger.rb:24:in `call'
actionpack (5.0.0.rc1) lib/action_dispatch/middleware/request_id.rb:24:in `call'
rack (2.0.0.rc1) lib/rack/method_override.rb:22:in `call'
rack (2.0.0.rc1) lib/rack/runtime.rb:22:in `call'
activesupport (5.0.0.rc1) lib/active_support/cache/strategy/local_cache_middleware.rb:28:in `call'
actionpack (5.0.0.rc1) lib/action_dispatch/middleware/executor.rb:12:in `call'
actionpack (5.0.0.rc1) lib/action_dispatch/middleware/static.rb:136:in `call'
rack (2.0.0.rc1) lib/rack/sendfile.rb:111:in `call'
railties (5.0.0.rc1) lib/rails/engine.rb:522:in `call'
puma (3.4.0) lib/puma/configuration.rb:224:in `call'
puma (3.4.0) lib/puma/server.rb:569:in `handle_request'
puma (3.4.0) lib/puma/server.rb:406:in `process_client'
puma (3.4.0) lib/puma/server.rb:271:in `block in run'
puma (3.4.0) lib/puma/thread_pool.rb:114:in `block in spawn_thread'
  Rendering /Users/yuanchenhao/.rvm/gems/ruby-2.3.1/gems/actionpack-5.0.0.rc1/lib/action_dispatch/middleware/templates/rescues/routing_error.html.erb within rescues/layout
  Rendering /Users/yuanchenhao/.rvm/gems/ruby-2.3.1/gems/actionpack-5.0.0.rc1/lib/action_dispatch/middleware/templates/rescues/_trace.html.erb
  Rendered /Users/yuanchenhao/.rvm/gems/ruby-2.3.1/gems/actionpack-5.0.0.rc1/lib/action_dispatch/middleware/templates/rescues/_trace.html.erb (1.8ms)
  Rendered collection of /Users/yuanchenhao/.rvm/gems/ruby-2.3.1/gems/actionpack-5.0.0.rc1/lib/action_dispatch/middleware/templates/routes/_route.html.erb [46 times] (11.1ms)
  Rendered /Users/yuanchenhao/.rvm/gems/ruby-2.3.1/gems/actionpack-5.0.0.rc1/lib/action_dispatch/middleware/templates/routes/_table.html.erb (1.1ms)
  Rendering /Users/yuanchenhao/.rvm/gems/ruby-2.3.1/gems/actionpack-5.0.0.rc1/lib/action_dispatch/middleware/templates/rescues/_request_and_response.html.erb
  Rendered /Users/yuanchenhao/.rvm/gems/ruby-2.3.1/gems/actionpack-5.0.0.rc1/lib/action_dispatch/middleware/templates/rescues/_request_and_response.html.erb (1.2ms)
  Rendered /Users/yuanchenhao/.rvm/gems/ruby-2.3.1/gems/actionpack-5.0.0.rc1/lib/action_dispatch/middleware/templates/rescues/routing_error.html.erb within rescues/layout (101.1ms)
  Rendering /Users/yuanchenhao/.rvm/gems/ruby-2.3.1/gems/web-console-3.1.1/lib/web_console/templates/index.html.erb
  Rendered /Users/yuanchenhao/.rvm/gems/ruby-2.3.1/gems/web-console-3.1.1/lib/web_console/templates/_markup.html.erb (0.4ms)
  Rendering /Users/yuanchenhao/.rvm/gems/ruby-2.3.1/gems/web-console-3.1.1/lib/web_console/templates/console.js.erb within layouts/javascript
  Rendering /Users/yuanchenhao/.rvm/gems/ruby-2.3.1/gems/web-console-3.1.1/lib/web_console/templates/_inner_console_markup.html.erb within layouts/inlined_string
  Rendered /Users/yuanchenhao/.rvm/gems/ruby-2.3.1/gems/web-console-3.1.1/lib/web_console/templates/_inner_console_markup.html.erb within layouts/inlined_string (0.4ms)
  Rendering /Users/yuanchenhao/.rvm/gems/ruby-2.3.1/gems/web-console-3.1.1/lib/web_console/templates/_prompt_box_markup.html.erb within layouts/inlined_string
  Rendered /Users/yuanchenhao/.rvm/gems/ruby-2.3.1/gems/web-console-3.1.1/lib/web_console/templates/_prompt_box_markup.html.erb within layouts/inlined_string (0.3ms)
  Rendering /Users/yuanchenhao/.rvm/gems/ruby-2.3.1/gems/web-console-3.1.1/lib/web_console/templates/style.css.erb within layouts/inlined_string
  Rendered /Users/yuanchenhao/.rvm/gems/ruby-2.3.1/gems/web-console-3.1.1/lib/web_console/templates/style.css.erb within layouts/inlined_string (0.4ms)
  Rendered /Users/yuanchenhao/.rvm/gems/ruby-2.3.1/gems/web-console-3.1.1/lib/web_console/templates/console.js.erb within layouts/javascript (57.7ms)
  Rendering /Users/yuanchenhao/.rvm/gems/ruby-2.3.1/gems/web-console-3.1.1/lib/web_console/templates/main.js.erb within layouts/javascript
  Rendered /Users/yuanchenhao/.rvm/gems/ruby-2.3.1/gems/web-console-3.1.1/lib/web_console/templates/main.js.erb within layouts/javascript (0.5ms)
  Rendered /Users/yuanchenhao/.rvm/gems/ruby-2.3.1/gems/web-console-3.1.1/lib/web_console/templates/index.html.erb (107.8ms)
Started GET "/themes/default/assets/fonts/icons.ttf" for ::1 at 2016-06-04 23:09:56 +0800
  
ActionController::RoutingError (No route matches [GET] "/themes/default/assets/fonts/icons.ttf"):
  
actionpack (5.0.0.rc1) lib/action_dispatch/middleware/debug_exceptions.rb:53:in `call'
web-console (3.1.1) lib/web_console/middleware.rb:131:in `call_app'
web-console (3.1.1) lib/web_console/middleware.rb:28:in `block in call'
web-console (3.1.1) lib/web_console/middleware.rb:18:in `catch'
web-console (3.1.1) lib/web_console/middleware.rb:18:in `call'
actionpack (5.0.0.rc1) lib/action_dispatch/middleware/show_exceptions.rb:31:in `call'
railties (5.0.0.rc1) lib/rails/rack/logger.rb:36:in `call_app'
railties (5.0.0.rc1) lib/rails/rack/logger.rb:24:in `block in call'
activesupport (5.0.0.rc1) lib/active_support/tagged_logging.rb:70:in `block in tagged'
activesupport (5.0.0.rc1) lib/active_support/tagged_logging.rb:26:in `tagged'
activesupport (5.0.0.rc1) lib/active_support/tagged_logging.rb:70:in `tagged'
railties (5.0.0.rc1) lib/rails/rack/logger.rb:24:in `call'
actionpack (5.0.0.rc1) lib/action_dispatch/middleware/request_id.rb:24:in `call'
rack (2.0.0.rc1) lib/rack/method_override.rb:22:in `call'
rack (2.0.0.rc1) lib/rack/runtime.rb:22:in `call'
activesupport (5.0.0.rc1) lib/active_support/cache/strategy/local_cache_middleware.rb:28:in `call'
actionpack (5.0.0.rc1) lib/action_dispatch/middleware/executor.rb:12:in `call'
actionpack (5.0.0.rc1) lib/action_dispatch/middleware/static.rb:136:in `call'
rack (2.0.0.rc1) lib/rack/sendfile.rb:111:in `call'
railties (5.0.0.rc1) lib/rails/engine.rb:522:in `call'
puma (3.4.0) lib/puma/configuration.rb:224:in `call'
puma (3.4.0) lib/puma/server.rb:569:in `handle_request'
puma (3.4.0) lib/puma/server.rb:406:in `process_client'
puma (3.4.0) lib/puma/server.rb:271:in `block in run'
puma (3.4.0) lib/puma/thread_pool.rb:114:in `block in spawn_thread'
  Rendering /Users/yuanchenhao/.rvm/gems/ruby-2.3.1/gems/actionpack-5.0.0.rc1/lib/action_dispatch/middleware/templates/rescues/routing_error.html.erb within rescues/layout
  Rendering /Users/yuanchenhao/.rvm/gems/ruby-2.3.1/gems/actionpack-5.0.0.rc1/lib/action_dispatch/middleware/templates/rescues/_trace.html.erb
  Rendered /Users/yuanchenhao/.rvm/gems/ruby-2.3.1/gems/actionpack-5.0.0.rc1/lib/action_dispatch/middleware/templates/rescues/_trace.html.erb (1.6ms)
  Rendered collection of /Users/yuanchenhao/.rvm/gems/ruby-2.3.1/gems/actionpack-5.0.0.rc1/lib/action_dispatch/middleware/templates/routes/_route.html.erb [46 times] (12.8ms)
  Rendered /Users/yuanchenhao/.rvm/gems/ruby-2.3.1/gems/actionpack-5.0.0.rc1/lib/action_dispatch/middleware/templates/routes/_table.html.erb (1.2ms)
  Rendering /Users/yuanchenhao/.rvm/gems/ruby-2.3.1/gems/actionpack-5.0.0.rc1/lib/action_dispatch/middleware/templates/rescues/_request_and_response.html.erb
  Rendered /Users/yuanchenhao/.rvm/gems/ruby-2.3.1/gems/actionpack-5.0.0.rc1/lib/action_dispatch/middleware/templates/rescues/_request_and_response.html.erb (1.1ms)
  Rendered /Users/yuanchenhao/.rvm/gems/ruby-2.3.1/gems/actionpack-5.0.0.rc1/lib/action_dispatch/middleware/templates/rescues/routing_error.html.erb within rescues/layout (98.7ms)
  Rendering /Users/yuanchenhao/.rvm/gems/ruby-2.3.1/gems/web-console-3.1.1/lib/web_console/templates/index.html.erb
  Rendered /Users/yuanchenhao/.rvm/gems/ruby-2.3.1/gems/web-console-3.1.1/lib/web_console/templates/_markup.html.erb (0.5ms)
  Rendering /Users/yuanchenhao/.rvm/gems/ruby-2.3.1/gems/web-console-3.1.1/lib/web_console/templates/console.js.erb within layouts/javascript
  Rendering /Users/yuanchenhao/.rvm/gems/ruby-2.3.1/gems/web-console-3.1.1/lib/web_console/templates/_inner_console_markup.html.erb within layouts/inlined_string
  Rendered /Users/yuanchenhao/.rvm/gems/ruby-2.3.1/gems/web-console-3.1.1/lib/web_console/templates/_inner_console_markup.html.erb within layouts/inlined_string (0.4ms)
  Rendering /Users/yuanchenhao/.rvm/gems/ruby-2.3.1/gems/web-console-3.1.1/lib/web_console/templates/_prompt_box_markup.html.erb within layouts/inlined_string
  Rendered /Users/yuanchenhao/.rvm/gems/ruby-2.3.1/gems/web-console-3.1.1/lib/web_console/templates/_prompt_box_markup.html.erb within layouts/inlined_string (0.3ms)
  Rendering /Users/yuanchenhao/.rvm/gems/ruby-2.3.1/gems/web-console-3.1.1/lib/web_console/templates/style.css.erb within layouts/inlined_string
  Rendered /Users/yuanchenhao/.rvm/gems/ruby-2.3.1/gems/web-console-3.1.1/lib/web_console/templates/style.css.erb within layouts/inlined_string (0.4ms)
  Rendered /Users/yuanchenhao/.rvm/gems/ruby-2.3.1/gems/web-console-3.1.1/lib/web_console/templates/console.js.erb within layouts/javascript (56.4ms)
  Rendering /Users/yuanchenhao/.rvm/gems/ruby-2.3.1/gems/web-console-3.1.1/lib/web_console/templates/main.js.erb within layouts/javascript
  Rendered /Users/yuanchenhao/.rvm/gems/ruby-2.3.1/gems/web-console-3.1.1/lib/web_console/templates/main.js.erb within layouts/javascript (0.3ms)
  Rendered /Users/yuanchenhao/.rvm/gems/ruby-2.3.1/gems/web-console-3.1.1/lib/web_console/templates/index.html.erb (107.9ms)
Started GET "/assets/themes/default/assets/fonts/icons.woff2" for ::1 at 2016-06-04 23:09:57 +0800
Started GET "/category/1/site/1/movesite?boarding_id=1&directionNext=false&method=post" for ::1 at 2016-06-04 23:10:46 +0800
Processing by SiteController#movesite as HTML
  Parameters: {"boarding_id"=>"1", "directionNext"=>"false", "method"=>"post", "category_id"=>"1", "site_id"=>"1"}
  [1m[36mSite Load (0.2ms)[0m  [1m[34mSELECT  "sites".* FROM "sites" WHERE "sites"."id" = ? LIMIT ?[0m  [["id", 1], ["LIMIT", 1]]
  [1m[36mCategory Load (0.1ms)[0m  [1m[34mSELECT  "categories".* FROM "categories" WHERE "categories"."id" = ? LIMIT ?[0m  [["id", 1], ["LIMIT", 1]]
  [1m[36mSite Load (0.2ms)[0m  [1m[34mSELECT "sites".* FROM "sites" WHERE "sites"."category_id" = ?[0m  [["category_id", 1]]
Redirected to http://localhost:3000/boarding/1
Completed 302 Found in 5ms (ActiveRecord: 0.5ms)


Started GET "/boarding/1" for ::1 at 2016-06-04 23:10:46 +0800
Processing by BoardingController#show as HTML
  Parameters: {"id"=>"1"}
  [1m[36mBoard Load (0.1ms)[0m  [1m[34mSELECT  "boards".* FROM "boards" WHERE "boards"."id" = ? LIMIT ?[0m  [["id", 1], ["LIMIT", 1]]
  [1m[35m (0.1ms)[0m  [1m[34mSELECT COUNT(*) FROM "boards"[0m
  Rendering boarding/show.html.erb within layouts/application
  Rendered boarding/_searchbar.erb (1.9ms)
  [1m[36mCategory Load (0.2ms)[0m  [1m[34mSELECT "categories".* FROM "categories" WHERE "categories"."board_id" = ?[0m  [["board_id", 1]]
  [1m[36mSite Load (0.2ms)[0m  [1m[34mSELECT "sites".* FROM "sites" WHERE "sites"."category_id" = ?[0m  [["category_id", 1]]
  Rendered category/_categorycard.erb (8.9ms)
  Rendered boarding/_board.erb (13.0ms)
  Rendered boarding/_misc.erb (0.5ms)
  Rendered boarding/_background.erb (0.6ms)
  Rendered boarding/show.html.erb within layouts/application (24.5ms)
Completed 200 OK in 38ms (Views: 34.3ms | ActiveRecord: 0.6ms)


Started GET "/boarding/1" for ::1 at 2016-06-04 23:20:01 +0800
Processing by BoardingController#show as HTML
  Parameters: {"id"=>"1"}
  [1m[36mBoard Load (0.8ms)[0m  [1m[34mSELECT  "boards".* FROM "boards" WHERE "boards"."id" = ? LIMIT ?[0m  [["id", 1], ["LIMIT", 1]]
  [1m[35m (0.4ms)[0m  [1m[34mSELECT COUNT(*) FROM "boards"[0m
  Rendering boarding/show.html.erb within layouts/application
  Rendered boarding/_searchbar.erb (6.3ms)
  [1m[36mCategory Load (0.5ms)[0m  [1m[34mSELECT "categories".* FROM "categories" WHERE "categories"."board_id" = ?[0m  [["board_id", 1]]
  [1m[36mSite Load (0.4ms)[0m  [1m[34mSELECT "sites".* FROM "sites" WHERE "sites"."category_id" = ?[0m  [["category_id", 1]]
  Rendered category/_categorycard.erb (20.0ms)
  Rendered boarding/_board.erb (51.9ms)
  Rendered boarding/_misc.erb (0.9ms)
  Rendered boarding/_background.erb (0.6ms)
  Rendered boarding/show.html.erb within layouts/application (71.9ms)
Completed 200 OK in 109ms (Views: 88.6ms | ActiveRecord: 2.0ms)


